<?xml version="1.0" encoding="UTF-8"?>
<!-- Generated by org.testng.reporters.JUnitReportReporter -->
<testsuite skipped="0" hostname="LAPTOP-70DI3OKO" name="testNGTutorial.testNGTestCase" tests="1" failures="0" timestamp="27 Jun 2018 22:27:20 GMT" time="0.002" errors="0">
  <testcase name="f" time="0.002" classname="testNGTutorial.testNGTestCase"/>
</testsuite> <!-- testNGTutorial.testNGTestCase -->
